[debug] [2023-11-17T03:37:46.635Z] ----------------------------------------------------------------------
[debug] [2023-11-17T03:37:46.637Z] Command:       C:\Users\1248a\.nvm\versions\node\v18.18.2\bin\node.exe C:\Users\1248a\.nvm\versions\node\v18.18.2\bin\node_modules\firebase-tools\lib\bin\firebase.js init
[debug] [2023-11-17T03:37:46.637Z] CLI Version:   12.9.1
[debug] [2023-11-17T03:37:46.637Z] Platform:      win32
[debug] [2023-11-17T03:37:46.638Z] Node Version:  v18.18.2
[debug] [2023-11-17T03:37:46.639Z] Time:          Thu Nov 16 2023 22:37:46 GMT-0500 (Eastern Standard Time)
[debug] [2023-11-17T03:37:46.639Z] ----------------------------------------------------------------------
[debug] 
[debug] [2023-11-17T03:37:46.645Z] > command requires scopes: ["email","openid","https://www.googleapis.com/auth/cloudplatformprojects.readonly","https://www.googleapis.com/auth/firebase","https://www.googleapis.com/auth/cloud-platform"]
[debug] [2023-11-17T03:37:46.646Z] > authorizing via signed-in user (1248alex@gmail.com)
[info] 
     ######## #### ########  ######## ########     ###     ######  ########
     ##        ##  ##     ## ##       ##     ##  ##   ##  ##       ##
     ######    ##  ########  ######   ########  #########  ######  ######
     ##        ##  ##    ##  ##       ##     ## ##     ##       ## ##
     ##       #### ##     ## ######## ########  ##     ##  ######  ########

You're about to initialize a Firebase project in this directory:

  C:\Users\1248a\Desktop\Own Projects\Stardawn\frontend

[info] 
=== Project Setup
[info] 
[info] First, let's associate this project directory with a Firebase project.
[info] You can create multiple project aliases by running firebase use --add, 
[info] but for now we'll just set up a default project.
[info] 
[debug] [2023-11-17T03:37:54.537Z] >>> [apiv2][query] GET https://firebase.googleapis.com/v1beta1/projects pageSize=100
[debug] [2023-11-17T03:37:55.267Z] <<< [apiv2][status] GET https://firebase.googleapis.com/v1beta1/projects 200
[debug] [2023-11-17T03:37:55.267Z] <<< [apiv2][body] GET https://firebase.googleapis.com/v1beta1/projects [omitted]
[info] i  Using project stardawn (stardawn) 
[info] 
=== Hosting Setup
[debug] [2023-11-17T03:37:56.604Z] >>> [apiv2][query] GET https://firebase.googleapis.com/v1beta1/projects/stardawn [none]
[debug] [2023-11-17T03:37:56.978Z] <<< [apiv2][status] GET https://firebase.googleapis.com/v1beta1/projects/stardawn 200
[debug] [2023-11-17T03:37:56.979Z] <<< [apiv2][body] GET https://firebase.googleapis.com/v1beta1/projects/stardawn {"projectId":"stardawn","projectNumber":"582565699971","displayName":"stardawn","name":"projects/stardawn","resources":{"hostingSite":"stardawn","storageBucket":"stardawn.appspot.com","locationId":"us-central"},"state":"ACTIVE","etag":"1_82c0e85b-f276-4a02-9409-be2fd6be9d99"}
[info] 
[info] Your public directory is the folder (relative to your project directory) that
[info] will contain Hosting assets to be uploaded with firebase deploy. If you
[info] have a build process for your assets, use your build's output directory.
[info] 
[debug] [2023-11-17T03:38:28.872Z] >>> [apiv2][query] GET https://www.gstatic.com/firebasejs/releases.json [none]
[debug] [2023-11-17T03:38:29.011Z] <<< [apiv2][status] GET https://www.gstatic.com/firebasejs/releases.json 200
[debug] [2023-11-17T03:38:29.011Z] <<< [apiv2][body] GET https://www.gstatic.com/firebasejs/releases.json {"current":{"version":"10.6.0","browserURL":"https://www.gstatic.com/firebasejs/10.6.0/firebase.js","packageURL":"https://www.gstatic.com/firebasejs/10.6.0/firebase.tgz"},"live":{"version":"10.6","browserURL":"https://www.gstatic.com/firebasejs/live/10.6/firebase.js","packageURL":"https://www.gstatic.com/firebasejs/live/10.6/firebase.tgz"},"components":{"analytics":"https://www.gstatic.com/firebasejs/10.6.0/firebase-analytics.js","app":"https://www.gstatic.com/firebasejs/10.6.0/firebase-app.js","app-check":"https://www.gstatic.com/firebasejs/10.6.0/firebase-app-check.js","auth":"https://www.gstatic.com/firebasejs/10.6.0/firebase-auth.js","auth/cordova":"https://www.gstatic.com/firebasejs/10.6.0/firebase-auth/cordova.js","functions":"https://www.gstatic.com/firebasejs/10.6.0/firebase-functions.js","firestore":"https://www.gstatic.com/firebasejs/10.6.0/firebase-firestore.js","firestore/lite":"https://www.gstatic.com/firebasejs/10.6.0/firebase-firestore/lite.js","installations":"https://www.gstatic.com/firebasejs/10.6.0/firebase-installations.js","storage":"https://www.gstatic.com/firebasejs/10.6.0/firebase-storage.js","performance":"https://www.gstatic.com/firebasejs/10.6.0/firebase-performance.js","remote-config":"https://www.gstatic.com/firebasejs/10.6.0/firebase-remote-config.js","messaging":"https://www.gstatic.com/firebasejs/10.6.0/firebase-messaging.js","messaging/sw":"https://www.gstatic.com/firebasejs/10.6.0/firebase-messaging/sw.js","database":"https://www.gstatic.com/firebasejs/10.6.0/firebase-database.js","firestore.memory":"https://www.gstatic.com/firebasejs/10.6.0/firebase-firestore.memory.js"}}
[info] +  Wrote public/index.html 
[info] 
[info] i  Detected a .git folder at C:\Users\1248a\Desktop\Own Projects\Stardawn 
[info] i  Authorizing with GitHub to upload your service account to a GitHub repository's secrets store. 
[info] 
[info] Visit this URL on this device to log in:
[info] https://github.com/login/oauth/authorize?client_id=89cf50f02ac6aaed3484&state=54032434&redirect_uri=http%3A%2F%2Flocalhost%3A9005&scope=read%3Auser%20repo%20public_repo
[info] 
[info] Waiting for authentication...
